<?xml version="1.0" encoding="UTF-8"?>
<!-- Generated by org.testng.reporters.JUnitReportReporter -->
<testsuite hostname="ASDA1708PO02529" name="TatocBasic" tests="1" failures="0" timestamp="27 Jun 2018 08:56:42 GMT" time="0.158" errors="0">
  <testcase name="basicCource" time="0.158" classname="TatocBasic"/>
</testsuite> <!-- TatocBasic -->
