<?xml version="1.0" encoding="UTF-8"?>
<!-- Generated by org.testng.reporters.JUnitReportReporter -->
<testsuite hostname="ASDA1708PO02529" name="TestAll" tests="9" failures="0" timestamp="27 Jun 2018 11:39:19 GMT" time="4.738" errors="0">
  <testcase name="testGreenBox" time="0.255" classname="TestAll"/>
  <testcase name="launchWithoutPopUpPage" time="0.141" classname="TestAll"/>
  <testcase name="drag_And_drop_onposition" time="0.266" classname="TestAll"/>
  <testcase name="click_withoutrepaint" time="0.266" classname="TestAll"/>
  <testcase name="click_after_repaint" time="2.840" classname="TestAll"/>
  <testcase name="launchPopUpPage" time="0.438" classname="TestAll"/>
  <testcase name="cookieAddTest" time="0.228" classname="TestAll"/>
  <testcase name="BasicBox" time="0.158" classname="TestAll"/>
  <testcase name="testRedBox" time="0.146" classname="TestAll"/>
</testsuite> <!-- TestAll -->
