<?xml version="1.0" encoding="UTF-8"?>
<!-- Generated by org.testng.reporters.JUnitReportReporter -->
<testsuite hostname="ASDA1708PO02529" name="TatocTest" tests="6" failures="0" timestamp="29 Jun 2018 09:36:39 GMT" time="1.575" errors="0">
  <testcase name="basicCource" time="0.142" classname="TatocTest"/>
  <testcase name="cookieAdd" time="0.216" classname="TatocTest"/>
  <testcase name="dragAndDrop" time="0.272" classname="TatocTest"/>
  <testcase name="greenBox" time="0.175" classname="TatocTest"/>
  <testcase name="launchPopUp" time="0.378" classname="TatocTest"/>
  <testcase name="matchBox" time="0.392" classname="TatocTest"/>
</testsuite> <!-- TatocTest -->
