<?xml version="1.0" encoding="UTF-8"?>
<!-- Generated by org.testng.reporters.JUnitReportReporter -->
<testsuite hostname="ASDA1708PO02529" name="AllTestTatoc" tests="11" failures="0" timestamp="29 Jun 2018 10:26:48 GMT" time="5.451" errors="0">
  <testcase name="Test011_Cookie_Handling" time="0.244" classname="AllTestTatoc"/>
  <testcase name="Test008_popup_launch_Error_Test" time="0.126" classname="AllTestTatoc"/>
  <testcase name="Test007_Drag_And_Drop" time="0.284" classname="AllTestTatoc"/>
  <testcase name="Test009_Launch_popUp_Menu" time="0.435" classname="AllTestTatoc"/>
  <testcase name="Test010_proceed_without_adding_cookie" time="0.124" classname="AllTestTatoc"/>
  <testcase name="Test004_check_For_Green_Box" time="0.239" classname="AllTestTatoc"/>
  <testcase name="Test005_Frame_Dungeon_Test" time="0.259" classname="AllTestTatoc"/>
  <testcase name="Test003_CheckRedBox" time="0.120" classname="AllTestTatoc"/>
  <testcase name="Test001_Launch_Browser" time="2.592" classname="AllTestTatoc"/>
  <testcase name="Test006_Frame_Dungeon_Pass" time="0.901" classname="AllTestTatoc"/>
  <testcase name="Test002_BasicBlock" time="0.127" classname="AllTestTatoc"/>
</testsuite> <!-- AllTestTatoc -->
